# JRE version: OpenJDK Runtime Environment (8.0_242-b01) (build 1.8.0_242-release-1644-b01)
# Java VM: OpenJDK 64-Bit Server VM (25.242-b01 mixed mode windows-amd64 compressed oops)
Heap:
 PSYoungGen      total 127488K, used 114814K [0x00000000d6580000, 0x00000000df780000, 0x0000000100000000)
  eden space 114688K, 89% used [0x00000000d6580000,0x00000000dc96b648,0x00000000dd580000)
  from space 12800K, 97% used [0x00000000deb00000,0x00000000df734348,0x00000000df780000)
  to   space 15360K, 0% used [0x00000000dd980000,0x00000000dd980000,0x00000000de880000)
 ParOldGen       total 104448K, used 20555K [0x0000000083000000, 0x0000000089600000, 0x00000000d6580000)
  object space 104448K, 19% used [0x0000000083000000,0x0000000084412de0,0x0000000089600000)
 Metaspace       used 47151K, capacity 48388K, committed 48728K, reserved 1091584K
  class space    used 6318K, capacity 6698K, committed 6784K, reserved 1048576K
GC Heap History (10 events):
Event: 7.790 GC heap before
{Heap before GC invocations=8 (full 1):
 PSYoungGen      total 75776K, used 65536K [0x00000000d6580000, 0x00000000dbc80000, 0x0000000100000000)
  eden space 65536K, 100% used [0x00000000d6580000,0x00000000da580000,0x00000000da580000)
  from space 10240K, 0% used [0x00000000db080000,0x00000000db080000,0x00000000dba80000)
  to   space 11264K, 0% used [0x00000000da580000,0x00000000da580000,0x00000000db080000)
 ParOldGen       total 65024K, used 9293K [0x0000000083000000, 0x0000000086f80000, 0x00000000d6580000)
  object space 65024K, 14% used [0x0000000083000000,0x0000000083913688,0x0000000086f80000)
 Metaspace       used 27931K, capacity 28398K, committed 28928K, reserved 1075200K
  class space    used 3794K, capacity 3969K, committed 4096K, reserved 1048576K
Event: 7.805 GC heap after
Heap after GC invocations=8 (full 1):
 PSYoungGen      total 76800K, used 8277K [0x00000000d6580000, 0x00000000dd700000, 0x0000000100000000)
  eden space 65536K, 0% used [0x00000000d6580000,0x00000000d6580000,0x00000000da580000)
  from space 11264K, 73% used [0x00000000da580000,0x00000000dad95618,0x00000000db080000)
  to   space 11776K, 0% used [0x00000000dcb80000,0x00000000dcb80000,0x00000000dd700000)
 ParOldGen       total 65024K, used 9301K [0x0000000083000000, 0x0000000086f80000, 0x00000000d6580000)
  object space 65024K, 14% used [0x0000000083000000,0x0000000083915688,0x0000000086f80000)
 Metaspace       used 27931K, capacity 28398K, committed 28928K, reserved 1075200K
  class space    used 3794K, capacity 3969K, committed 4096K, reserved 1048576K
}
Event: 9.159 GC heap before
{Heap before GC invocations=9 (full 1):
 PSYoungGen      total 76800K, used 73813K [0x00000000d6580000, 0x00000000dd700000, 0x0000000100000000)
  eden space 65536K, 100% used [0x00000000d6580000,0x00000000da580000,0x00000000da580000)
  from space 11264K, 73% used [0x00000000da580000,0x00000000dad95618,0x00000000db080000)
  to   space 11776K, 0% used [0x00000000dcb80000,0x00000000dcb80000,0x00000000dd700000)
 ParOldGen       total 65024K, used 9301K [0x0000000083000000, 0x0000000086f80000, 0x00000000d6580000)
  object space 65024K, 14% used [0x0000000083000000,0x0000000083915688,0x0000000086f80000)
 Metaspace       used 31274K, capacity 31692K, committed 32128K, reserved 1077248K
  class space    used 4268K, capacity 4427K, committed 4480K, reserved 1048576K
Event: 9.211 GC heap after
Heap after GC invocations=9 (full 1):
 PSYoungGen      total 103936K, used 9195K [0x00000000d6580000, 0x00000000ddd80000, 0x0000000100000000)
  eden space 92160K, 0% used [0x00000000d6580000,0x00000000d6580000,0x00000000dbf80000)
  from space 11776K, 78% used [0x00000000dcb80000,0x00000000dd47ade8,0x00000000dd700000)
  to   space 12288K, 0% used [0x00000000dbf80000,0x00000000dbf80000,0x00000000dcb80000)
 ParOldGen       total 65024K, used 9309K [0x0000000083000000, 0x0000000086f80000, 0x00000000d6580000)
  object space 65024K, 14% used [0x0000000083000000,0x0000000083917688,0x0000000086f80000)
 Metaspace       used 31274K, capacity 31692K, committed 32128K, reserved 1077248K
  class space    used 4268K, capacity 4427K, committed 4480K, reserved 1048576K
}
Event: 12.647 GC heap before
{Heap before GC invocations=10 (full 1):
 PSYoungGen      total 103936K, used 83199K [0x00000000d6580000, 0x00000000ddd80000, 0x0000000100000000)
  eden space 92160K, 80% used [0x00000000d6580000,0x00000000dadc4e48,0x00000000dbf80000)
  from space 11776K, 78% used [0x00000000dcb80000,0x00000000dd47ade8,0x00000000dd700000)
  to   space 12288K, 0% used [0x00000000dbf80000,0x00000000dbf80000,0x00000000dcb80000)
 ParOldGen       total 65024K, used 9309K [0x0000000083000000, 0x0000000086f80000, 0x00000000d6580000)
  object space 65024K, 14% used [0x0000000083000000,0x0000000083917688,0x0000000086f80000)
 Metaspace       used 34599K, capacity 35392K, committed 35416K, reserved 1079296K
  class space    used 4722K, capacity 4981K, committed 4992K, reserved 1048576K
Event: 12.777 GC heap after
Heap after GC invocations=10 (full 1):
 PSYoungGen      total 104448K, used 12274K [0x00000000d6580000, 0x00000000df900000, 0x0000000100000000)
  eden space 92160K, 0% used [0x00000000d6580000,0x00000000d6580000,0x00000000dbf80000)
  from space 12288K, 99% used [0x00000000dbf80000,0x00000000dcb7ca88,0x00000000dcb80000)
  to   space 14336K, 0% used [0x00000000deb00000,0x00000000deb00000,0x00000000df900000)
 ParOldGen       total 65024K, used 10793K [0x0000000083000000, 0x0000000086f80000, 0x00000000d6580000)
  object space 65024K, 16% used [0x0000000083000000,0x0000000083a8a4a0,0x0000000086f80000)
 Metaspace       used 34599K, capacity 35392K, committed 35416K, reserved 1079296K
  class space    used 4722K, capacity 4981K, committed 4992K, reserved 1048576K
}
Event: 12.777 GC heap before
{Heap before GC invocations=11 (full 2):
 PSYoungGen      total 104448K, used 12274K [0x00000000d6580000, 0x00000000df900000, 0x0000000100000000)
  eden space 92160K, 0% used [0x00000000d6580000,0x00000000d6580000,0x00000000dbf80000)
  from space 12288K, 99% used [0x00000000dbf80000,0x00000000dcb7ca88,0x00000000dcb80000)
  to   space 14336K, 0% used [0x00000000deb00000,0x00000000deb00000,0x00000000df900000)
 ParOldGen       total 65024K, used 10793K [0x0000000083000000, 0x0000000086f80000, 0x00000000d6580000)
  object space 65024K, 16% used [0x0000000083000000,0x0000000083a8a4a0,0x0000000086f80000)
 Metaspace       used 34599K, capacity 35392K, committed 35416K, reserved 1079296K
  class space    used 4722K, capacity 4981K, committed 4992K, reserved 1048576K
Event: 13.059 GC heap after
Heap after GC invocations=11 (full 2):
 PSYoungGen      total 104448K, used 0K [0x00000000d6580000, 0x00000000df900000, 0x0000000100000000)
  eden space 92160K, 0% used [0x00000000d6580000,0x00000000d6580000,0x00000000dbf80000)
  from space 12288K, 0% used [0x00000000dbf80000,0x00000000dbf80000,0x00000000dcb80000)
  to   space 14336K, 0% used [0x00000000deb00000,0x00000000deb00000,0x00000000df900000)
 ParOldGen       total 104448K, used 20547K [0x0000000083000000, 0x0000000089600000, 0x00000000d6580000)
  object space 104448K, 19% used [0x0000000083000000,0x0000000084410de0,0x0000000089600000)
 Metaspace       used 34599K, capacity 35392K, committed 35416K, reserved 1079296K
  class space    used 4722K, capacity 4981K, committed 4992K, reserved 1048576K
}
Event: 17.174 GC heap before
{Heap before GC invocations=12 (full 2):
 PSYoungGen      total 104448K, used 92160K [0x00000000d6580000, 0x00000000df900000, 0x0000000100000000)
  eden space 92160K, 100% used [0x00000000d6580000,0x00000000dbf80000,0x00000000dbf80000)
  from space 12288K, 0% used [0x00000000dbf80000,0x00000000dbf80000,0x00000000dcb80000)
  to   space 14336K, 0% used [0x00000000deb00000,0x00000000deb00000,0x00000000df900000)
 ParOldGen       total 104448K, used 20547K [0x0000000083000000, 0x0000000089600000, 0x00000000d6580000)
  object space 104448K, 19% used [0x0000000083000000,0x0000000084410de0,0x0000000089600000)
 Metaspace       used 44064K, capacity 45028K, committed 45144K, reserved 1087488K
  class space    used 5902K, capacity 6188K, committed 6272K, reserved 1048576K
Event: 17.196 GC heap after
Heap after GC invocations=12 (full 2):
 PSYoungGen      total 127488K, used 12496K [0x00000000d6580000, 0x00000000df780000, 0x0000000100000000)
  eden space 114688K, 0% used [0x00000000d6580000,0x00000000d6580000,0x00000000dd580000)
  from space 12800K, 97% used [0x00000000deb00000,0x00000000df734348,0x00000000df780000)
  to   space 15360K, 0% used [0x00000000dd980000,0x00000000dd980000,0x00000000de880000)
 ParOldGen       total 104448K, used 20555K [0x0000000083000000, 0x0000000089600000, 0x00000000d6580000)
  object space 104448K, 19% used [0x0000000083000000,0x0000000084412de0,0x0000000089600000)
 Metaspace       used 44064K, capacity 45028K, committed 45144K, reserved 1087488K
  class space    used 5902K, capacity 6188K, committed 6272K, reserved 1048576K
}

