# JRE version: OpenJDK Runtime Environment (8.0_242-b01) (build 1.8.0_242-release-1644-b01)
# Java VM: OpenJDK 64-Bit Server VM (25.242-b01 mixed mode windows-amd64 compressed oops)
Heap:
 PSYoungGen      total 107008K, used 83113K [0x0000000781800000, 0x000000078a880000, 0x00000007c0000000)
  eden space 94720K, 87% used [0x0000000781800000,0x000000078692a668,0x0000000787480000)
  from space 12288K, 0% used [0x0000000787480000,0x0000000787480000,0x0000000788080000)
  to   space 14336K, 0% used [0x0000000789a80000,0x0000000789a80000,0x000000078a880000)
 ParOldGen       total 102912K, used 19964K [0x0000000704800000, 0x000000070ac80000, 0x0000000781800000)
  object space 102912K, 19% used [0x0000000704800000,0x0000000705b7f360,0x000000070ac80000)
 Metaspace       used 44030K, capacity 45124K, committed 45272K, reserved 1089536K
  class space    used 5823K, capacity 6122K, committed 6144K, reserved 1048576K
GC Heap History (10 events):
Event: 7.269 GC heap before
{Heap before GC invocations=7 (full 1):
 PSYoungGen      total 75776K, used 8793K [0x0000000781800000, 0x0000000786f00000, 0x00000007c0000000)
  eden space 65536K, 0% used [0x0000000781800000,0x0000000781800000,0x0000000785800000)
  from space 10240K, 85% used [0x0000000786300000,0x0000000786b96410,0x0000000786d00000)
  to   space 11264K, 0% used [0x0000000785800000,0x0000000785800000,0x0000000786300000)
 ParOldGen       total 87552K, used 6846K [0x0000000704800000, 0x0000000709d80000, 0x0000000781800000)
  object space 87552K, 7% used [0x0000000704800000,0x0000000704eafb28,0x0000000709d80000)
 Metaspace       used 20662K, capacity 21014K, committed 21248K, reserved 1067008K
  class space    used 2910K, capacity 3049K, committed 3072K, reserved 1048576K
Event: 7.418 GC heap after
Heap after GC invocations=7 (full 1):
 PSYoungGen      total 75776K, used 0K [0x0000000781800000, 0x0000000786f00000, 0x00000007c0000000)
  eden space 65536K, 0% used [0x0000000781800000,0x0000000781800000,0x0000000785800000)
  from space 10240K, 0% used [0x0000000786300000,0x0000000786300000,0x0000000786d00000)
  to   space 11264K, 0% used [0x0000000785800000,0x0000000785800000,0x0000000786300000)
 ParOldGen       total 64000K, used 9286K [0x0000000704800000, 0x0000000708680000, 0x0000000781800000)
  object space 64000K, 14% used [0x0000000704800000,0x0000000705111aa0,0x0000000708680000)
 Metaspace       used 20662K, capacity 21014K, committed 21248K, reserved 1067008K
  class space    used 2910K, capacity 3049K, committed 3072K, reserved 1048576K
}
Event: 10.526 GC heap before
{Heap before GC invocations=8 (full 1):
 PSYoungGen      total 75776K, used 65536K [0x0000000781800000, 0x0000000786f00000, 0x00000007c0000000)
  eden space 65536K, 100% used [0x0000000781800000,0x0000000785800000,0x0000000785800000)
  from space 10240K, 0% used [0x0000000786300000,0x0000000786300000,0x0000000786d00000)
  to   space 11264K, 0% used [0x0000000785800000,0x0000000785800000,0x0000000786300000)
 ParOldGen       total 64000K, used 9286K [0x0000000704800000, 0x0000000708680000, 0x0000000781800000)
  object space 64000K, 14% used [0x0000000704800000,0x0000000705111aa0,0x0000000708680000)
 Metaspace       used 27982K, capacity 28462K, committed 28928K, reserved 1075200K
  class space    used 3808K, capacity 3969K, committed 4096K, reserved 1048576K
Event: 10.551 GC heap after
Heap after GC invocations=8 (full 1):
 PSYoungGen      total 76800K, used 8396K [0x0000000781800000, 0x0000000788c00000, 0x00000007c0000000)
  eden space 65536K, 0% used [0x0000000781800000,0x0000000781800000,0x0000000785800000)
  from space 11264K, 74% used [0x0000000785800000,0x00000007860330a0,0x0000000786300000)
  to   space 11776K, 0% used [0x0000000788080000,0x0000000788080000,0x0000000788c00000)
 ParOldGen       total 64000K, used 9294K [0x0000000704800000, 0x0000000708680000, 0x0000000781800000)
  object space 64000K, 14% used [0x0000000704800000,0x0000000705113aa0,0x0000000708680000)
 Metaspace       used 27982K, capacity 28462K, committed 28928K, reserved 1075200K
  class space    used 3808K, capacity 3969K, committed 4096K, reserved 1048576K
}
Event: 11.822 GC heap before
{Heap before GC invocations=9 (full 1):
 PSYoungGen      total 76800K, used 73932K [0x0000000781800000, 0x0000000788c00000, 0x00000007c0000000)
  eden space 65536K, 100% used [0x0000000781800000,0x0000000785800000,0x0000000785800000)
  from space 11264K, 74% used [0x0000000785800000,0x00000007860330a0,0x0000000786300000)
  to   space 11776K, 0% used [0x0000000788080000,0x0000000788080000,0x0000000788c00000)
 ParOldGen       total 64000K, used 9294K [0x0000000704800000, 0x0000000708680000, 0x0000000781800000)
  object space 64000K, 14% used [0x0000000704800000,0x0000000705113aa0,0x0000000708680000)
 Metaspace       used 31329K, capacity 31838K, committed 32128K, reserved 1077248K
  class space    used 4274K, capacity 4430K, committed 4480K, reserved 1048576K
Event: 11.841 GC heap after
Heap after GC invocations=9 (full 1):
 PSYoungGen      total 106496K, used 9276K [0x0000000781800000, 0x0000000788c80000, 0x00000007c0000000)
  eden space 94720K, 0% used [0x0000000781800000,0x0000000781800000,0x0000000787480000)
  from space 11776K, 78% used [0x0000000788080000,0x000000078898f210,0x0000000788c00000)
  to   space 12288K, 0% used [0x0000000787480000,0x0000000787480000,0x0000000788080000)
 ParOldGen       total 64000K, used 9302K [0x0000000704800000, 0x0000000708680000, 0x0000000781800000)
  object space 64000K, 14% used [0x0000000704800000,0x0000000705115aa0,0x0000000708680000)
 Metaspace       used 31329K, capacity 31838K, committed 32128K, reserved 1077248K
  class space    used 4274K, capacity 4430K, committed 4480K, reserved 1048576K
}
Event: 13.663 GC heap before
{Heap before GC invocations=10 (full 1):
 PSYoungGen      total 106496K, used 77428K [0x0000000781800000, 0x0000000788c80000, 0x00000007c0000000)
  eden space 94720K, 71% used [0x0000000781800000,0x0000000785a8dec8,0x0000000787480000)
  from space 11776K, 78% used [0x0000000788080000,0x000000078898f210,0x0000000788c00000)
  to   space 12288K, 0% used [0x0000000787480000,0x0000000787480000,0x0000000788080000)
 ParOldGen       total 64000K, used 9302K [0x0000000704800000, 0x0000000708680000, 0x0000000781800000)
  object space 64000K, 14% used [0x0000000704800000,0x0000000705115aa0,0x0000000708680000)
 Metaspace       used 34589K, capacity 35334K, committed 35416K, reserved 1079296K
  class space    used 4720K, capacity 4937K, committed 4992K, reserved 1048576K
Event: 13.688 GC heap after
Heap after GC invocations=10 (full 1):
 PSYoungGen      total 107008K, used 12281K [0x0000000781800000, 0x000000078a880000, 0x00000007c0000000)
  eden space 94720K, 0% used [0x0000000781800000,0x0000000781800000,0x0000000787480000)
  from space 12288K, 99% used [0x0000000787480000,0x000000078807e4b8,0x0000000788080000)
  to   space 14336K, 0% used [0x0000000789a80000,0x0000000789a80000,0x000000078a880000)
 ParOldGen       total 64000K, used 10245K [0x0000000704800000, 0x0000000708680000, 0x0000000781800000)
  object space 64000K, 16% used [0x0000000704800000,0x00000007052017e8,0x0000000708680000)
 Metaspace       used 34589K, capacity 35334K, committed 35416K, reserved 1079296K
  class space    used 4720K, capacity 4937K, committed 4992K, reserved 1048576K
}
Event: 13.688 GC heap before
{Heap before GC invocations=11 (full 2):
 PSYoungGen      total 107008K, used 12281K [0x0000000781800000, 0x000000078a880000, 0x00000007c0000000)
  eden space 94720K, 0% used [0x0000000781800000,0x0000000781800000,0x0000000787480000)
  from space 12288K, 99% used [0x0000000787480000,0x000000078807e4b8,0x0000000788080000)
  to   space 14336K, 0% used [0x0000000789a80000,0x0000000789a80000,0x000000078a880000)
 ParOldGen       total 64000K, used 10245K [0x0000000704800000, 0x0000000708680000, 0x0000000781800000)
  object space 64000K, 16% used [0x0000000704800000,0x00000007052017e8,0x0000000708680000)
 Metaspace       used 34589K, capacity 35334K, committed 35416K, reserved 1079296K
  class space    used 4720K, capacity 4937K, committed 4992K, reserved 1048576K
Event: 13.809 GC heap after
Heap after GC invocations=11 (full 2):
 PSYoungGen      total 107008K, used 0K [0x0000000781800000, 0x000000078a880000, 0x00000007c0000000)
  eden space 94720K, 0% used [0x0000000781800000,0x0000000781800000,0x0000000787480000)
  from space 12288K, 0% used [0x0000000787480000,0x0000000787480000,0x0000000788080000)
  to   space 14336K, 0% used [0x0000000789a80000,0x0000000789a80000,0x000000078a880000)
 ParOldGen       total 102912K, used 19964K [0x0000000704800000, 0x000000070ac80000, 0x0000000781800000)
  object space 102912K, 19% used [0x0000000704800000,0x0000000705b7f360,0x000000070ac80000)
 Metaspace       used 34585K, capacity 35322K, committed 35416K, reserved 1079296K
  class space    used 4719K, capacity 4935K, committed 4992K, reserved 1048576K
}

