# JRE version: Java(TM) SE Runtime Environment (13.0.2+8) (build 13.0.2+8)
# Java VM: Java HotSpot(TM) 64-Bit Server VM (13.0.2+8, mixed mode, sharing, tiered, compressed oops, g1 gc, windows-amd64)
Heap:
 garbage-first heap   total 71680K, used 29774K [0x00000000c0000000, 0x0000000100000000)
  region size 1024K, 12 young (12288K), 3 survivors (3072K)
 Metaspace       used 25923K, capacity 26379K, committed 26624K, reserved 1073152K
  class space    used 3545K, capacity 3758K, committed 3840K, reserved 1048576K
GC Heap History (12 events):
Event: 1.334 GC heap before
{Heap before GC invocations=0 (full 0):
 garbage-first heap   total 131072K, used 19456K [0x00000000c0000000, 0x0000000100000000)
  region size 1024K, 14 young (14336K), 0 survivors (0K)
 Metaspace       used 2298K, capacity 5501K, committed 5760K, reserved 1056768K
  class space    used 278K, capacity 576K, committed 640K, reserved 1048576K
}
Event: 1.351 GC heap after
{Heap after GC invocations=1 (full 0):
 garbage-first heap   total 131072K, used 7488K [0x00000000c0000000, 0x0000000100000000)
  region size 1024K, 2 young (2048K), 2 survivors (2048K)
 Metaspace       used 2298K, capacity 5501K, committed 5760K, reserved 1056768K
  class space    used 278K, capacity 576K, committed 640K, reserved 1048576K
}
Event: 2.056 GC heap before
{Heap before GC invocations=1 (full 0):
 garbage-first heap   total 131072K, used 18752K [0x00000000c0000000, 0x0000000100000000)
  region size 1024K, 13 young (13312K), 2 survivors (2048K)
 Metaspace       used 3751K, capacity 6540K, committed 6656K, reserved 1056768K
  class space    used 477K, capacity 753K, committed 768K, reserved 1048576K
}
Event: 2.061 GC heap after
{Heap after GC invocations=2 (full 0):
 garbage-first heap   total 131072K, used 8309K [0x00000000c0000000, 0x0000000100000000)
  region size 1024K, 1 young (1024K), 1 survivors (1024K)
 Metaspace       used 3751K, capacity 6540K, committed 6656K, reserved 1056768K
  class space    used 477K, capacity 753K, committed 768K, reserved 1048576K
}
Event: 3.096 GC heap before
{Heap before GC invocations=2 (full 0):
 garbage-first heap   total 131072K, used 35957K [0x00000000c0000000, 0x0000000100000000)
  region size 1024K, 28 young (28672K), 1 survivors (1024K)
 Metaspace       used 4189K, capacity 6852K, committed 7040K, reserved 1056768K
  class space    used 542K, capacity 857K, committed 896K, reserved 1048576K
}
Event: 3.101 GC heap after
{Heap after GC invocations=3 (full 0):
 garbage-first heap   total 131072K, used 12605K [0x00000000c0000000, 0x0000000100000000)
  region size 1024K, 4 young (4096K), 4 survivors (4096K)
 Metaspace       used 4189K, capacity 6852K, committed 7040K, reserved 1056768K
  class space    used 542K, capacity 857K, committed 896K, reserved 1048576K
}
Event: 9.202 GC heap before
{Heap before GC invocations=3 (full 0):
 garbage-first heap   total 131072K, used 52541K [0x00000000c0000000, 0x0000000100000000)
  region size 1024K, 43 young (44032K), 4 survivors (4096K)
 Metaspace       used 11340K, capacity 11723K, committed 11776K, reserved 1058816K
  class space    used 1640K, capacity 1773K, committed 1792K, reserved 1048576K
}
Event: 9.215 GC heap after
{Heap after GC invocations=4 (full 0):
 garbage-first heap   total 131072K, used 15671K [0x00000000c0000000, 0x0000000100000000)
  region size 1024K, 3 young (3072K), 3 survivors (3072K)
 Metaspace       used 11340K, capacity 11723K, committed 11776K, reserved 1058816K
  class space    used 1640K, capacity 1773K, committed 1792K, reserved 1048576K
}
Event: 13.001 GC heap before
{Heap before GC invocations=4 (full 0):
 garbage-first heap   total 131072K, used 64823K [0x00000000c0000000, 0x0000000100000000)
  region size 1024K, 53 young (54272K), 3 survivors (3072K)
 Metaspace       used 20747K, capacity 21125K, committed 21248K, reserved 1067008K
  class space    used 2894K, capacity 3057K, committed 3072K, reserved 1048576K
}
Event: 13.022 GC heap after
{Heap after GC invocations=5 (full 0):
 garbage-first heap   total 131072K, used 19207K [0x00000000c0000000, 0x0000000100000000)
  region size 1024K, 7 young (7168K), 7 survivors (7168K)
 Metaspace       used 20747K, capacity 21125K, committed 21248K, reserved 1067008K
  class space    used 2894K, capacity 3057K, committed 3072K, reserved 1048576K
}
Event: 15.807 GC heap before
{Heap before GC invocations=6 (full 0):
 garbage-first heap   total 71680K, used 57095K [0x00000000c0000000, 0x0000000100000000)
  region size 1024K, 42 young (43008K), 7 survivors (7168K)
 Metaspace       used 24935K, capacity 25477K, committed 25600K, reserved 1071104K
  class space    used 3372K, capacity 3565K, committed 3584K, reserved 1048576K
}
Event: 15.824 GC heap after
{Heap after GC invocations=7 (full 0):
 garbage-first heap   total 71680K, used 21582K [0x00000000c0000000, 0x0000000100000000)
  region size 1024K, 3 young (3072K), 3 survivors (3072K)
 Metaspace       used 24935K, capacity 25477K, committed 25600K, reserved 1071104K
  class space    used 3372K, capacity 3565K, committed 3584K, reserved 1048576K
}

