# JRE version: OpenJDK Runtime Environment (8.0_242-b01) (build 1.8.0_242-release-1644-b01)
# Java VM: OpenJDK 64-Bit Server VM (25.242-b01 mixed mode windows-amd64 compressed oops)
Heap:
 PSYoungGen      total 264704K, used 185671K [0x0000000781800000, 0x0000000797f00000, 0x00000007c0000000)
  eden space 239616K, 67% used [0x0000000781800000,0x000000078b4d2e40,0x0000000790200000)
  from space 25088K, 99% used [0x0000000790200000,0x0000000791a7f040,0x0000000791a80000)
  to   space 38400K, 0% used [0x0000000795980000,0x0000000795980000,0x0000000797f00000)
 ParOldGen       total 142336K, used 59214K [0x0000000704800000, 0x000000070d300000, 0x0000000781800000)
  object space 142336K, 41% used [0x0000000704800000,0x00000007081d3a78,0x000000070d300000)
 Metaspace       used 72562K, capacity 76572K, committed 76760K, reserved 1116160K
  class space    used 9676K, capacity 10706K, committed 10752K, reserved 1048576K
GC Heap History (10 events):
Event: 21.386 GC heap before
{Heap before GC invocations=12 (full 2):
 PSYoungGen      total 165376K, used 165357K [0x0000000781800000, 0x000000078f380000, 0x00000007c0000000)
  eden space 150016K, 100% used [0x0000000781800000,0x000000078aa80000,0x000000078aa80000)
  from space 15360K, 99% used [0x000000078aa80000,0x000000078b97b758,0x000000078b980000)
  to   space 18432K, 0% used [0x000000078e180000,0x000000078e180000,0x000000078f380000)
 ParOldGen       total 102400K, used 21026K [0x0000000704800000, 0x000000070ac00000, 0x0000000781800000)
  object space 102400K, 20% used [0x0000000704800000,0x0000000705c88850,0x000000070ac00000)
 Metaspace       used 55986K, capacity 57636K, committed 57944K, reserved 1099776K
  class space    used 7488K, capacity 7948K, committed 8064K, reserved 1048576K
Event: 21.419 GC heap after
Heap after GC invocations=12 (full 2):
 PSYoungGen      total 202752K, used 18406K [0x0000000781800000, 0x000000078f780000, 0x00000007c0000000)
  eden space 184320K, 0% used [0x0000000781800000,0x0000000781800000,0x000000078cc00000)
  from space 18432K, 99% used [0x000000078e180000,0x000000078f379ad8,0x000000078f380000)
  to   space 22016K, 0% used [0x000000078cc00000,0x000000078cc00000,0x000000078e180000)
 ParOldGen       total 102400K, used 23408K [0x0000000704800000, 0x000000070ac00000, 0x0000000781800000)
  object space 102400K, 22% used [0x0000000704800000,0x0000000705edc030,0x000000070ac00000)
 Metaspace       used 55986K, capacity 57636K, committed 57944K, reserved 1099776K
  class space    used 7488K, capacity 7948K, committed 8064K, reserved 1048576K
}
Event: 21.780 GC heap before
{Heap before GC invocations=13 (full 2):
 PSYoungGen      total 202752K, used 46531K [0x0000000781800000, 0x000000078f780000, 0x00000007c0000000)
  eden space 184320K, 15% used [0x0000000781800000,0x0000000783377280,0x000000078cc00000)
  from space 18432K, 99% used [0x000000078e180000,0x000000078f379ad8,0x000000078f380000)
  to   space 22016K, 0% used [0x000000078cc00000,0x000000078cc00000,0x000000078e180000)
 ParOldGen       total 102400K, used 23408K [0x0000000704800000, 0x000000070ac00000, 0x0000000781800000)
  object space 102400K, 22% used [0x0000000704800000,0x0000000705edc030,0x000000070ac00000)
 Metaspace       used 57294K, capacity 58884K, committed 59028K, reserved 1099776K
  class space    used 7667K, capacity 8108K, committed 8192K, reserved 1048576K
Event: 21.808 GC heap after
Heap after GC invocations=13 (full 2):
 PSYoungGen      total 206336K, used 16930K [0x0000000781800000, 0x0000000793680000, 0x00000007c0000000)
  eden space 184320K, 0% used [0x0000000781800000,0x0000000781800000,0x000000078cc00000)
  from space 22016K, 76% used [0x000000078cc00000,0x000000078dc888e8,0x000000078e180000)
  to   space 23552K, 0% used [0x0000000791f80000,0x0000000791f80000,0x0000000793680000)
 ParOldGen       total 102400K, used 23416K [0x0000000704800000, 0x000000070ac00000, 0x0000000781800000)
  object space 102400K, 22% used [0x0000000704800000,0x0000000705ede030,0x000000070ac00000)
 Metaspace       used 57294K, capacity 58884K, committed 59028K, reserved 1099776K
  class space    used 7667K, capacity 8108K, committed 8192K, reserved 1048576K
}
Event: 21.808 GC heap before
{Heap before GC invocations=14 (full 3):
 PSYoungGen      total 206336K, used 16930K [0x0000000781800000, 0x0000000793680000, 0x00000007c0000000)
  eden space 184320K, 0% used [0x0000000781800000,0x0000000781800000,0x000000078cc00000)
  from space 22016K, 76% used [0x000000078cc00000,0x000000078dc888e8,0x000000078e180000)
  to   space 23552K, 0% used [0x0000000791f80000,0x0000000791f80000,0x0000000793680000)
 ParOldGen       total 102400K, used 23416K [0x0000000704800000, 0x000000070ac00000, 0x0000000781800000)
  object space 102400K, 22% used [0x0000000704800000,0x0000000705ede030,0x000000070ac00000)
 Metaspace       used 57294K, capacity 58884K, committed 59028K, reserved 1099776K
  class space    used 7667K, capacity 8108K, committed 8192K, reserved 1048576K
Event: 22.260 GC heap after
Heap after GC invocations=14 (full 3):
 PSYoungGen      total 206336K, used 0K [0x0000000781800000, 0x0000000793680000, 0x00000007c0000000)
  eden space 184320K, 0% used [0x0000000781800000,0x0000000781800000,0x000000078cc00000)
  from space 22016K, 0% used [0x000000078cc00000,0x000000078cc00000,0x000000078e180000)
  to   space 23552K, 0% used [0x0000000791f80000,0x0000000791f80000,0x0000000793680000)
 ParOldGen       total 142336K, used 33995K [0x0000000704800000, 0x000000070d300000, 0x0000000781800000)
  object space 142336K, 23% used [0x0000000704800000,0x0000000706932dd0,0x000000070d300000)
 Metaspace       used 57294K, capacity 58884K, committed 59028K, reserved 1099776K
  class space    used 7667K, capacity 8108K, committed 8192K, reserved 1048576K
}
Event: 27.145 GC heap before
{Heap before GC invocations=15 (full 3):
 PSYoungGen      total 206336K, used 184320K [0x0000000781800000, 0x0000000793680000, 0x00000007c0000000)
  eden space 184320K, 100% used [0x0000000781800000,0x000000078cc00000,0x000000078cc00000)
  from space 22016K, 0% used [0x000000078cc00000,0x000000078cc00000,0x000000078e180000)
  to   space 23552K, 0% used [0x0000000791f80000,0x0000000791f80000,0x0000000793680000)
 ParOldGen       total 142336K, used 33995K [0x0000000704800000, 0x000000070d300000, 0x0000000781800000)
  object space 142336K, 23% used [0x0000000704800000,0x0000000706932dd0,0x000000070d300000)
 Metaspace       used 63800K, capacity 66240K, committed 66392K, reserved 1105920K
  class space    used 8646K, capacity 9272K, committed 9344K, reserved 1048576K
Event: 27.181 GC heap after
Heap after GC invocations=15 (full 3):
 PSYoungGen      total 251904K, used 19640K [0x0000000781800000, 0x0000000793300000, 0x00000007c0000000)
  eden space 231936K, 0% used [0x0000000781800000,0x0000000781800000,0x000000078fa80000)
  from space 19968K, 98% used [0x0000000791f80000,0x00000007932ae0b8,0x0000000793300000)
  to   space 25088K, 0% used [0x0000000790200000,0x0000000790200000,0x0000000791a80000)
 ParOldGen       total 142336K, used 34003K [0x0000000704800000, 0x000000070d300000, 0x0000000781800000)
  object space 142336K, 23% used [0x0000000704800000,0x0000000706934dd0,0x000000070d300000)
 Metaspace       used 63800K, capacity 66240K, committed 66392K, reserved 1105920K
  class space    used 8646K, capacity 9272K, committed 9344K, reserved 1048576K
}
Event: 34.709 GC heap before
{Heap before GC invocations=16 (full 3):
 PSYoungGen      total 251904K, used 251576K [0x0000000781800000, 0x0000000793300000, 0x00000007c0000000)
  eden space 231936K, 100% used [0x0000000781800000,0x000000078fa80000,0x000000078fa80000)
  from space 19968K, 98% used [0x0000000791f80000,0x00000007932ae0b8,0x0000000793300000)
  to   space 25088K, 0% used [0x0000000790200000,0x0000000790200000,0x0000000791a80000)
 ParOldGen       total 142336K, used 34003K [0x0000000704800000, 0x000000070d300000, 0x0000000781800000)
  object space 142336K, 23% used [0x0000000704800000,0x0000000706934dd0,0x000000070d300000)
 Metaspace       used 67259K, capacity 70806K, committed 71000K, reserved 1110016K
  class space    used 9134K, capacity 10100K, committed 10112K, reserved 1048576K
Event: 34.859 GC heap after
Heap after GC invocations=16 (full 3):
 PSYoungGen      total 264704K, used 25084K [0x0000000781800000, 0x0000000797f00000, 0x00000007c0000000)
  eden space 239616K, 0% used [0x0000000781800000,0x0000000781800000,0x0000000790200000)
  from space 25088K, 99% used [0x0000000790200000,0x0000000791a7f040,0x0000000791a80000)
  to   space 38400K, 0% used [0x0000000795980000,0x0000000795980000,0x0000000797f00000)
 ParOldGen       total 142336K, used 59214K [0x0000000704800000, 0x000000070d300000, 0x0000000781800000)
  object space 142336K, 41% used [0x0000000704800000,0x00000007081d3a78,0x000000070d300000)
 Metaspace       used 67259K, capacity 70806K, committed 71000K, reserved 1110016K
  class space    used 9134K, capacity 10100K, committed 10112K, reserved 1048576K
}

