# JRE version: OpenJDK Runtime Environment (8.0_242-b01) (build 1.8.0_242-release-1644-b01)
# Java VM: OpenJDK 64-Bit Server VM (25.242-b01 mixed mode windows-amd64 compressed oops)
Heap:
 PSYoungGen      total 565248K, used 465869K [0x00000000d6580000, 0x00000000ff700000, 0x0000000100000000)
  eden space 465408K, 91% used [0x00000000d6580000,0x00000000f05066f8,0x00000000f2c00000)
  from space 99840K, 40% used [0x00000000f9580000,0x00000000fbced040,0x00000000ff700000)
  to   space 103936K, 0% used [0x00000000f2c00000,0x00000000f2c00000,0x00000000f9180000)
 ParOldGen       total 683008K, used 433767K [0x0000000083000000, 0x00000000acb00000, 0x00000000d6580000)
  object space 683008K, 63% used [0x0000000083000000,0x000000009d799f90,0x00000000acb00000)
 Metaspace       used 136956K, capacity 145086K, committed 145240K, reserved 1175552K
  class space    used 16853K, capacity 18499K, committed 18560K, reserved 1048576K
GC Heap History (10 events):
Event: 329.017 GC heap before
{Heap before GC invocations=44 (full 6):
 PSYoungGen      total 527360K, used 412976K [0x00000000d6580000, 0x00000000ff300000, 0x0000000100000000)
  eden space 393728K, 100% used [0x00000000d6580000,0x00000000ee600000,0x00000000ee600000)
  from space 133632K, 14% used [0x00000000ee600000,0x00000000ef8cc070,0x00000000f6880000)
  to   space 126976K, 0% used [0x00000000f7700000,0x00000000f7700000,0x00000000ff300000)
 ParOldGen       total 683008K, used 430319K [0x0000000083000000, 0x00000000acb00000, 0x00000000d6580000)
  object space 683008K, 63% used [0x0000000083000000,0x000000009d43bf30,0x00000000acb00000)
 Metaspace       used 132236K, capacity 138964K, committed 139224K, reserved 1171456K
  class space    used 16367K, capacity 17832K, committed 17920K, reserved 1048576K
Event: 329.070 GC heap after
Heap after GC invocations=44 (full 6):
 PSYoungGen      total 542720K, used 17120K [0x00000000d6580000, 0x00000000fed80000, 0x0000000100000000)
  eden space 421376K, 0% used [0x00000000d6580000,0x00000000d6580000,0x00000000f0100000)
  from space 121344K, 14% used [0x00000000f7700000,0x00000000f87b8020,0x00000000fed80000)
  to   space 120832K, 0% used [0x00000000f0100000,0x00000000f0100000,0x00000000f7700000)
 ParOldGen       total 683008K, used 433735K [0x0000000083000000, 0x00000000acb00000, 0x00000000d6580000)
  object space 683008K, 63% used [0x0000000083000000,0x000000009d791f90,0x00000000acb00000)
 Metaspace       used 132236K, capacity 138964K, committed 139224K, reserved 1171456K
  class space    used 16367K, capacity 17832K, committed 17920K, reserved 1048576K
}
Event: 331.856 GC heap before
{Heap before GC invocations=45 (full 6):
 PSYoungGen      total 542720K, used 438496K [0x00000000d6580000, 0x00000000fed80000, 0x0000000100000000)
  eden space 421376K, 100% used [0x00000000d6580000,0x00000000f0100000,0x00000000f0100000)
  from space 121344K, 14% used [0x00000000f7700000,0x00000000f87b8020,0x00000000fed80000)
  to   space 120832K, 0% used [0x00000000f0100000,0x00000000f0100000,0x00000000f7700000)
 ParOldGen       total 683008K, used 433735K [0x0000000083000000, 0x00000000acb00000, 0x00000000d6580000)
  object space 683008K, 63% used [0x0000000083000000,0x000000009d791f90,0x00000000acb00000)
 Metaspace       used 132242K, capacity 138964K, committed 139224K, reserved 1171456K
  class space    used 16367K, capacity 17832K, committed 17920K, reserved 1048576K
Event: 331.917 GC heap after
Heap after GC invocations=45 (full 6):
 PSYoungGen      total 542208K, used 18512K [0x00000000d6580000, 0x00000000ff380000, 0x0000000100000000)
  eden space 421376K, 0% used [0x00000000d6580000,0x00000000d6580000,0x00000000f0100000)
  from space 120832K, 15% used [0x00000000f0100000,0x00000000f1314030,0x00000000f7700000)
  to   space 114688K, 0% used [0x00000000f8380000,0x00000000f8380000,0x00000000ff380000)
 ParOldGen       total 683008K, used 433743K [0x0000000083000000, 0x00000000acb00000, 0x00000000d6580000)
  object space 683008K, 63% used [0x0000000083000000,0x000000009d793f90,0x00000000acb00000)
 Metaspace       used 132242K, capacity 138964K, committed 139224K, reserved 1171456K
  class space    used 16367K, capacity 17832K, committed 17920K, reserved 1048576K
}
Event: 333.788 GC heap before
{Heap before GC invocations=46 (full 6):
 PSYoungGen      total 542208K, used 439888K [0x00000000d6580000, 0x00000000ff380000, 0x0000000100000000)
  eden space 421376K, 100% used [0x00000000d6580000,0x00000000f0100000,0x00000000f0100000)
  from space 120832K, 15% used [0x00000000f0100000,0x00000000f1314030,0x00000000f7700000)
  to   space 114688K, 0% used [0x00000000f8380000,0x00000000f8380000,0x00000000ff380000)
 ParOldGen       total 683008K, used 433743K [0x0000000083000000, 0x00000000acb00000, 0x00000000d6580000)
  object space 683008K, 63% used [0x0000000083000000,0x000000009d793f90,0x00000000acb00000)
 Metaspace       used 132408K, capacity 139182K, committed 139480K, reserved 1171456K
  class space    used 16386K, capacity 17851K, committed 17920K, reserved 1048576K
Event: 333.835 GC heap after
Heap after GC invocations=46 (full 6):
 PSYoungGen      total 555520K, used 19496K [0x00000000d6580000, 0x00000000fee00000, 0x0000000100000000)
  eden space 446464K, 0% used [0x00000000d6580000,0x00000000d6580000,0x00000000f1980000)
  from space 109056K, 17% used [0x00000000f8380000,0x00000000f968a1f8,0x00000000fee00000)
  to   space 108544K, 0% used [0x00000000f1980000,0x00000000f1980000,0x00000000f8380000)
 ParOldGen       total 683008K, used 433751K [0x0000000083000000, 0x00000000acb00000, 0x00000000d6580000)
  object space 683008K, 63% used [0x0000000083000000,0x000000009d795f90,0x00000000acb00000)
 Metaspace       used 132408K, capacity 139182K, committed 139480K, reserved 1171456K
  class space    used 16386K, capacity 17851K, committed 17920K, reserved 1048576K
}
Event: 340.130 GC heap before
{Heap before GC invocations=47 (full 6):
 PSYoungGen      total 555520K, used 464054K [0x00000000d6580000, 0x00000000fee00000, 0x0000000100000000)
  eden space 446464K, 99% used [0x00000000d6580000,0x00000000f17a3818,0x00000000f1980000)
  from space 109056K, 17% used [0x00000000f8380000,0x00000000f968a1f8,0x00000000fee00000)
  to   space 108544K, 0% used [0x00000000f1980000,0x00000000f1980000,0x00000000f8380000)
 ParOldGen       total 683008K, used 433751K [0x0000000083000000, 0x00000000acb00000, 0x00000000d6580000)
  object space 683008K, 63% used [0x0000000083000000,0x000000009d795f90,0x00000000acb00000)
 Metaspace       used 134120K, capacity 141322K, committed 141528K, reserved 1173504K
  class space    used 16569K, capacity 18103K, committed 18176K, reserved 1048576K
Event: 340.184 GC heap after
Heap after GC invocations=47 (full 6):
 PSYoungGen      total 555008K, used 51794K [0x00000000d6580000, 0x00000000fff80000, 0x0000000100000000)
  eden space 446464K, 0% used [0x00000000d6580000,0x00000000d6580000,0x00000000f1980000)
  from space 108544K, 47% used [0x00000000f1980000,0x00000000f4c14918,0x00000000f8380000)
  to   space 108544K, 0% used [0x00000000f9580000,0x00000000f9580000,0x00000000fff80000)
 ParOldGen       total 683008K, used 433759K [0x0000000083000000, 0x00000000acb00000, 0x00000000d6580000)
  object space 683008K, 63% used [0x0000000083000000,0x000000009d797f90,0x00000000acb00000)
 Metaspace       used 134120K, capacity 141322K, committed 141528K, reserved 1173504K
  class space    used 16569K, capacity 18103K, committed 18176K, reserved 1048576K
}
Event: 344.971 GC heap before
{Heap before GC invocations=48 (full 6):
 PSYoungGen      total 555008K, used 498258K [0x00000000d6580000, 0x00000000fff80000, 0x0000000100000000)
  eden space 446464K, 100% used [0x00000000d6580000,0x00000000f1980000,0x00000000f1980000)
  from space 108544K, 47% used [0x00000000f1980000,0x00000000f4c14918,0x00000000f8380000)
  to   space 108544K, 0% used [0x00000000f9580000,0x00000000f9580000,0x00000000fff80000)
 ParOldGen       total 683008K, used 433759K [0x0000000083000000, 0x00000000acb00000, 0x00000000d6580000)
  object space 683008K, 63% used [0x0000000083000000,0x000000009d797f90,0x00000000acb00000)
 Metaspace       used 135115K, capacity 142500K, committed 142680K, reserved 1173504K
  class space    used 16652K, capacity 18178K, committed 18304K, reserved 1048576K
Event: 345.032 GC heap after
Heap after GC invocations=48 (full 6):
 PSYoungGen      total 565248K, used 40372K [0x00000000d6580000, 0x00000000ff700000, 0x0000000100000000)
  eden space 465408K, 0% used [0x00000000d6580000,0x00000000d6580000,0x00000000f2c00000)
  from space 99840K, 40% used [0x00000000f9580000,0x00000000fbced040,0x00000000ff700000)
  to   space 103936K, 0% used [0x00000000f2c00000,0x00000000f2c00000,0x00000000f9180000)
 ParOldGen       total 683008K, used 433767K [0x0000000083000000, 0x00000000acb00000, 0x00000000d6580000)
  object space 683008K, 63% used [0x0000000083000000,0x000000009d799f90,0x00000000acb00000)
 Metaspace       used 135115K, capacity 142500K, committed 142680K, reserved 1173504K
  class space    used 16652K, capacity 18178K, committed 18304K, reserved 1048576K
}

